<?xml version="1.0" encoding="UTF-8"?>
<!-- Generated by org.testng.reporters.JUnitReportReporter -->
<testsuite hostname="LAPTOP-VSAFILMT" failures="0" tests="2" name="module1.Topic1" time="0.021" errors="0" timestamp="2022-07-30T17:39:16 IST" skipped="0">
  <testcase classname="module1.Topic1" name="TestCase1" time="0.019"/>
  <system-out/>
  <testcase classname="module1.Topic1" name="TestCase2" time="0.002"/>
  <system-out/>
</testsuite> <!-- module1.Topic1 -->
