<?xml version="1.0" encoding="UTF-8"?>
<!-- Generated by org.testng.reporters.JUnitReportReporter -->
<testsuite hostname="LAPTOP-VSAFILMT" failures="0" tests="2" name="module1.Topic4" time="0.002" errors="0" timestamp="2022-07-30T17:39:16 IST" skipped="0">
  <testcase classname="module1.Topic4" name="TestCase8" time="0.001"/>
  <system-out/>
  <testcase classname="module1.Topic4" name="TestCase7" time="0.001"/>
  <system-out/>
</testsuite> <!-- module1.Topic4 -->
